End of the story.;BrainCipher
Very expensive advertising.;BrainCipher
More important than money, only honor.;BrainCipher
ARC;blackbyte
unknown;fog
Somos malas... podemos ser peores;malas
Defaulters;malas
HOW TO BUY DATA?;medusalocker
skalar.com;medusalocker
visitingphysiciansnetwork;threeam
IDF SMS system;malekteam
Anyone.. Who need some bags?;donutleaks
Hello World;monti
lockbit.newcontacts;lockbit3
fbi.gov;lockbit3
Ronglian Group [Source code of RONGLIAN GROUP company developments];ransomhouse
KADOKAWA Corp;blacksuit
Here's something encrypted, password is required to continue reading.;helldown
EPS Tech +150K Emails Leak;handala
KickDown ESET company. No overpayments at 0% (renamed and );donutleaks